<?xml version="1.0" encoding="UTF-8"?>
<testng-results ignored="0" total="3" passed="3" failed="0" skipped="0">
  <reporter-output>
  </reporter-output>
  <suite started-at="2022-03-14T15:09:49 IST" name="Suite1" finished-at="2022-03-14T15:10:05 IST" duration-ms="16298">
    <groups>
    </groups>
    <test started-at="2022-03-14T15:09:49 IST" name="Test1" finished-at="2022-03-14T15:09:58 IST" duration-ms="9552">
      <class name="com.test.MultiBrowser">
        <test-method is-config="true" signature="setUP(java.lang.String)[pri:0, instance:com.test.MultiBrowser@7880cdf3]" started-at="2022-03-14T15:09:49 IST" name="setUP" finished-at="2022-03-14T15:09:51 IST" duration-ms="2444" status="PASS">
          <params>
            <param index="0">
              <value>
                <![CDATA[chrome]]>
              </value>
            </param>
          </params>
          <reporter-output>
          </reporter-output>
        </test-method> <!-- setUP -->
        <test-method signature="demo1()[pri:0, instance:com.test.MultiBrowser@7880cdf3]" started-at="2022-03-14T15:09:51 IST" name="demo1" finished-at="2022-03-14T15:09:58 IST" duration-ms="6916" status="PASS">
          <reporter-output>
          </reporter-output>
        </test-method> <!-- demo1 -->
        <test-method is-config="true" signature="tearDown()[pri:0, instance:com.test.MultiBrowser@7880cdf3]" started-at="2022-03-14T15:09:58 IST" name="tearDown" finished-at="2022-03-14T15:09:58 IST" duration-ms="131" status="PASS">
          <reporter-output>
          </reporter-output>
        </test-method> <!-- tearDown -->
      </class> <!-- com.test.MultiBrowser -->
    </test> <!-- Test1 -->
    <test started-at="2022-03-14T15:09:49 IST" name="Test2" finished-at="2022-03-14T15:09:59 IST" duration-ms="9794">
      <class name="com.test.MultiBrowser">
        <test-method is-config="true" signature="setUP(java.lang.String)[pri:0, instance:com.test.MultiBrowser@353d0772]" started-at="2022-03-14T15:09:49 IST" name="setUP" finished-at="2022-03-14T15:09:51 IST" duration-ms="2444" status="PASS">
          <params>
            <param index="0">
              <value>
                <![CDATA[chrome]]>
              </value>
            </param>
          </params>
          <reporter-output>
          </reporter-output>
        </test-method> <!-- setUP -->
        <test-method signature="demo1()[pri:0, instance:com.test.MultiBrowser@353d0772]" started-at="2022-03-14T15:09:51 IST" name="demo1" finished-at="2022-03-14T15:09:58 IST" duration-ms="7218" status="PASS">
          <reporter-output>
          </reporter-output>
        </test-method> <!-- demo1 -->
        <test-method is-config="true" signature="tearDown()[pri:0, instance:com.test.MultiBrowser@353d0772]" started-at="2022-03-14T15:09:58 IST" name="tearDown" finished-at="2022-03-14T15:09:59 IST" duration-ms="95" status="PASS">
          <reporter-output>
          </reporter-output>
        </test-method> <!-- tearDown -->
      </class> <!-- com.test.MultiBrowser -->
    </test> <!-- Test2 -->
    <test started-at="2022-03-14T15:09:58 IST" name="Test3" finished-at="2022-03-14T15:10:05 IST" duration-ms="6689">
      <class name="com.test.MultiBrowser">
        <test-method is-config="true" signature="setUP(java.lang.String)[pri:0, instance:com.test.MultiBrowser@9225652]" started-at="2022-03-14T15:09:58 IST" name="setUP" finished-at="2022-03-14T15:09:59 IST" duration-ms="790" status="PASS">
          <params>
            <param index="0">
              <value>
                <![CDATA[chrome]]>
              </value>
            </param>
          </params>
          <reporter-output>
          </reporter-output>
        </test-method> <!-- setUP -->
        <test-method signature="demo1()[pri:0, instance:com.test.MultiBrowser@9225652]" started-at="2022-03-14T15:09:59 IST" name="demo1" finished-at="2022-03-14T15:10:05 IST" duration-ms="5776" status="PASS">
          <reporter-output>
          </reporter-output>
        </test-method> <!-- demo1 -->
        <test-method is-config="true" signature="tearDown()[pri:0, instance:com.test.MultiBrowser@9225652]" started-at="2022-03-14T15:10:05 IST" name="tearDown" finished-at="2022-03-14T15:10:05 IST" duration-ms="119" status="PASS">
          <reporter-output>
          </reporter-output>
        </test-method> <!-- tearDown -->
      </class> <!-- com.test.MultiBrowser -->
    </test> <!-- Test3 -->
  </suite> <!-- Suite1 -->
</testng-results>
